<?xml version="1.0" encoding="UTF-8"?>
<!-- Generated by org.testng.reporters.JUnitXMLReporter -->
<testsuite ignored="1" hostname="DESKTOP-SRU0R49" failures="0" tests="2" name="Default test" time="15.013" errors="0" timestamp="2025-04-23T12:48:28 EET">
  <testcase classname="codeinbx.codeinbx.AppTest" name="Dynamic_Dropdown" time="2.124"/>
  <testcase classname="codeinbx.codeinbx.AppTest" name="StaticDropDown" time="1.097"/>
  <testcase classname="codeinbx.codeinbx.AppTest" name="RadioButton" time="0.0">
    <ignored/>
  </testcase> <!-- RadioButton -->
</testsuite> <!-- Default test -->
