<?xml version="1.0" encoding="UTF-8"?>
<testng-results ignored="1" total="3" passed="2" failed="0" skipped="0">
  <reporter-output>
  </reporter-output>
  <suite started-at="2025-04-23T12:48:13 EET" name="Default suite" finished-at="2025-04-23T12:48:28 EET" duration-ms="15013">
    <groups>
    </groups>
    <test started-at="2025-04-23T12:48:13 EET" name="Default test" finished-at="2025-04-23T12:48:28 EET" duration-ms="15013">
      <class name="codeinbx.codeinbx.AppTest">
        <test-method is-config="true" signature="mySetup()[pri:0, instance:codeinbx.codeinbx.AppTest@180da663]" started-at="2025-04-23T12:48:13 EET" name="mySetup" finished-at="2025-04-23T12:48:25 EET" duration-ms="11745" status="PASS">
          <reporter-output>
          </reporter-output>
        </test-method> <!-- mySetup -->
        <test-method signature="Dynamic_Dropdown()[pri:0, instance:codeinbx.codeinbx.AppTest@180da663]" started-at="2025-04-23T12:48:25 EET" name="Dynamic_Dropdown" finished-at="2025-04-23T12:48:27 EET" duration-ms="2124" status="PASS">
          <reporter-output>
          </reporter-output>
        </test-method> <!-- Dynamic_Dropdown -->
        <test-method signature="StaticDropDown()[pri:0, instance:codeinbx.codeinbx.AppTest@180da663]" started-at="2025-04-23T12:48:27 EET" name="StaticDropDown" finished-at="2025-04-23T12:48:28 EET" duration-ms="1097" status="PASS">
          <reporter-output>
          </reporter-output>
        </test-method> <!-- StaticDropDown -->
      </class> <!-- codeinbx.codeinbx.AppTest -->
    </test> <!-- Default test -->
  </suite> <!-- Default suite -->
</testng-results>
